<?xml version="1.0" encoding="UTF-8"?>
<!-- Generated by org.testng.reporters.JUnitReportReporter -->
<testsuite hostname="DESKTOP-K6SQ6P2" failures="0" tests="1" name="test.day1" time="0.011" errors="0" timestamp="2024-12-11T22:33:53 GMT" skipped="0">
  <testcase classname="test.day1" name="Demo" time="0.011"/>
</testsuite> <!-- test.day1 -->
